# JRE version: Java(TM) SE Runtime Environment (8.0_111-b14) (build 1.8.0_111-b14)
# Java VM: Java HotSpot(TM) 64-Bit Server VM (25.111-b14 mixed mode linux-amd64 compressed oops)
Heap:
 PSYoungGen      total 129536K, used 7158K [0x00000000ec700000, 0x00000000f4d00000, 0x0000000100000000)
  eden space 122368K, 0% used [0x00000000ec700000,0x00000000ec700000,0x00000000f3e80000)
  from space 7168K, 99% used [0x00000000f3e80000,0x00000000f457dad8,0x00000000f4580000)
  to   space 6656K, 0% used [0x00000000f4580000,0x00000000f4580000,0x00000000f4c00000)
 ParOldGen       total 40960K, used 29012K [0x00000000c5400000, 0x00000000c7c00000, 0x00000000ec700000)
  object space 40960K, 70% used [0x00000000c5400000,0x00000000c7055288,0x00000000c7c00000)
 Metaspace       used 19511K, capacity 20006K, committed 20224K, reserved 1067008K
  class space    used 2316K, capacity 2458K, committed 2560K, reserved 1048576K
GC Heap History (10 events):
Event: 3.845 GC heap after
Heap after GC invocations=2 (full 0):
 PSYoungGen      total 33280K, used 2537K [0x00000000ec700000, 0x00000000eea00000, 0x0000000100000000)
  eden space 30720K, 0% used [0x00000000ec700000,0x00000000ec700000,0x00000000ee500000)
  from space 2560K, 99% used [0x00000000ee780000,0x00000000ee9fa408,0x00000000eea00000)
  to   space 2560K, 0% used [0x00000000ee500000,0x00000000ee500000,0x00000000ee780000)
 ParOldGen       total 40960K, used 839K [0x00000000c5400000, 0x00000000c7c00000, 0x00000000ec700000)
  object space 40960K, 2% used [0x00000000c5400000,0x00000000c54d1d48,0x00000000c7c00000)
 Metaspace       used 7885K, capacity 8002K, committed 8320K, reserved 1056768K
  class space    used 989K, capacity 1049K, committed 1152K, reserved 1048576K
}
Event: 6.619 GC heap before
{Heap before GC invocations=3 (full 0):
 PSYoungGen      total 33280K, used 33257K [0x00000000ec700000, 0x00000000eea00000, 0x0000000100000000)
  eden space 30720K, 100% used [0x00000000ec700000,0x00000000ee500000,0x00000000ee500000)
  from space 2560K, 99% used [0x00000000ee780000,0x00000000ee9fa408,0x00000000eea00000)
  to   space 2560K, 0% used [0x00000000ee500000,0x00000000ee500000,0x00000000ee780000)
 ParOldGen       total 40960K, used 839K [0x00000000c5400000, 0x00000000c7c00000, 0x00000000ec700000)
  object space 40960K, 2% used [0x00000000c5400000,0x00000000c54d1d48,0x00000000c7c00000)
 Metaspace       used 13153K, capacity 13390K, committed 13568K, reserved 1060864K
  class space    used 1612K, capacity 1713K, committed 1792K, reserved 1048576K
Event: 6.663 GC heap after
Heap after GC invocations=3 (full 0):
 PSYoungGen      total 33280K, used 2528K [0x00000000ec700000, 0x00000000f0800000, 0x0000000100000000)
  eden space 30720K, 0% used [0x00000000ec700000,0x00000000ec700000,0x00000000ee500000)
  from space 2560K, 98% used [0x00000000ee500000,0x00000000ee778020,0x00000000ee780000)
  to   space 2560K, 0% used [0x00000000f0580000,0x00000000f0580000,0x00000000f0800000)
 ParOldGen       total 40960K, used 5432K [0x00000000c5400000, 0x00000000c7c00000, 0x00000000ec700000)
  object space 40960K, 13% used [0x00000000c5400000,0x00000000c594e1b0,0x00000000c7c00000)
 Metaspace       used 13153K, capacity 13390K, committed 13568K, reserved 1060864K
  class space    used 1612K, capacity 1713K, committed 1792K, reserved 1048576K
}
Event: 8.402 GC heap before
{Heap before GC invocations=4 (full 0):
 PSYoungGen      total 33280K, used 33248K [0x00000000ec700000, 0x00000000f0800000, 0x0000000100000000)
  eden space 30720K, 100% used [0x00000000ec700000,0x00000000ee500000,0x00000000ee500000)
  from space 2560K, 98% used [0x00000000ee500000,0x00000000ee778020,0x00000000ee780000)
  to   space 2560K, 0% used [0x00000000f0580000,0x00000000f0580000,0x00000000f0800000)
 ParOldGen       total 40960K, used 5432K [0x00000000c5400000, 0x00000000c7c00000, 0x00000000ec700000)
  object space 40960K, 13% used [0x00000000c5400000,0x00000000c594e1b0,0x00000000c7c00000)
 Metaspace       used 13679K, capacity 13914K, committed 14080K, reserved 1060864K
  class space    used 1655K, capacity 1754K, committed 1792K, reserved 1048576K
Event: 8.437 GC heap after
Heap after GC invocations=4 (full 0):
 PSYoungGen      total 64000K, used 2560K [0x00000000ec700000, 0x00000000f0800000, 0x0000000100000000)
  eden space 61440K, 0% used [0x00000000ec700000,0x00000000ec700000,0x00000000f0300000)
  from space 2560K, 100% used [0x00000000f0580000,0x00000000f0800000,0x00000000f0800000)
  to   space 2560K, 0% used [0x00000000f0300000,0x00000000f0300000,0x00000000f0580000)
 ParOldGen       total 40960K, used 7271K [0x00000000c5400000, 0x00000000c7c00000, 0x00000000ec700000)
  object space 40960K, 17% used [0x00000000c5400000,0x00000000c5b19fd8,0x00000000c7c00000)
 Metaspace       used 13679K, capacity 13914K, committed 14080K, reserved 1060864K
  class space    used 1655K, capacity 1754K, committed 1792K, reserved 1048576K
}
Event: 10.615 GC heap before
{Heap before GC invocations=5 (full 0):
 PSYoungGen      total 64000K, used 64000K [0x00000000ec700000, 0x00000000f0800000, 0x0000000100000000)
  eden space 61440K, 100% used [0x00000000ec700000,0x00000000f0300000,0x00000000f0300000)
  from space 2560K, 100% used [0x00000000f0580000,0x00000000f0800000,0x00000000f0800000)
  to   space 2560K, 0% used [0x00000000f0300000,0x00000000f0300000,0x00000000f0580000)
 ParOldGen       total 40960K, used 7271K [0x00000000c5400000, 0x00000000c7c00000, 0x00000000ec700000)
  object space 40960K, 17% used [0x00000000c5400000,0x00000000c5b19fd8,0x00000000c7c00000)
 Metaspace       used 14021K, capacity 14264K, committed 14336K, reserved 1062912K
  class space    used 1659K, capacity 1759K, committed 1792K, reserved 1048576K
Event: 10.639 GC heap after
Heap after GC invocations=5 (full 0):
 PSYoungGen      total 64000K, used 2528K [0x00000000ec700000, 0x00000000f4c00000, 0x0000000100000000)
  eden space 61440K, 0% used [0x00000000ec700000,0x00000000ec700000,0x00000000f0300000)
  from space 2560K, 98% used [0x00000000f0300000,0x00000000f0578020,0x00000000f0580000)
  to   space 6656K, 0% used [0x00000000f4580000,0x00000000f4580000,0x00000000f4c00000)
 ParOldGen       total 40960K, used 9680K [0x00000000c5400000, 0x00000000c7c00000, 0x00000000ec700000)
  object space 40960K, 23% used [0x00000000c5400000,0x00000000c5d74008,0x00000000c7c00000)
 Metaspace       used 14021K, capacity 14264K, committed 14336K, reserved 1062912K
  class space    used 1659K, capacity 1759K, committed 1792K, reserved 1048576K
}
Event: 15.567 GC heap before
{Heap before GC invocations=6 (full 0):
 PSYoungGen      total 64000K, used 63968K [0x00000000ec700000, 0x00000000f4c00000, 0x0000000100000000)
  eden space 61440K, 100% used [0x00000000ec700000,0x00000000f0300000,0x00000000f0300000)
  from space 2560K, 98% used [0x00000000f0300000,0x00000000f0578020,0x00000000f0580000)
  to   space 6656K, 0% used [0x00000000f4580000,0x00000000f4580000,0x00000000f4c00000)
 ParOldGen       total 40960K, used 9680K [0x00000000c5400000, 0x00000000c7c00000, 0x00000000ec700000)
  object space 40960K, 23% used [0x00000000c5400000,0x00000000c5d74008,0x00000000c7c00000)
 Metaspace       used 14220K, capacity 14538K, committed 14592K, reserved 1062912K
  class space    used 1661K, capacity 1762K, committed 1792K, reserved 1048576K
Event: 15.586 GC heap after
Heap after GC invocations=6 (full 0):
 PSYoungGen      total 129024K, used 5888K [0x00000000ec700000, 0x00000000f4d00000, 0x0000000100000000)
  eden space 122368K, 0% used [0x00000000ec700000,0x00000000ec700000,0x00000000f3e80000)
  from space 6656K, 88% used [0x00000000f4580000,0x00000000f4b40040,0x00000000f4c00000)
  to   space 7168K, 0% used [0x00000000f3e80000,0x00000000f3e80000,0x00000000f4580000)
 ParOldGen       total 40960K, used 9688K [0x00000000c5400000, 0x00000000c7c00000, 0x00000000ec700000)
  object space 40960K, 23% used [0x00000000c5400000,0x00000000c5d76008,0x00000000c7c00000)
 Metaspace       used 14220K, capacity 14538K, committed 14592K, reserved 1062912K
  class space    used 1661K, capacity 1762K, committed 1792K, reserved 1048576K
}
Event: 22.778 GC heap before
{Heap before GC invocations=7 (full 0):
 PSYoungGen      total 129024K, used 128256K [0x00000000ec700000, 0x00000000f4d00000, 0x0000000100000000)
  eden space 122368K, 100% used [0x00000000ec700000,0x00000000f3e80000,0x00000000f3e80000)
  from space 6656K, 88% used [0x00000000f4580000,0x00000000f4b40040,0x00000000f4c00000)
  to   space 7168K, 0% used [0x00000000f3e80000,0x00000000f3e80000,0x00000000f4580000)
 ParOldGen       total 40960K, used 9688K [0x00000000c5400000, 0x00000000c7c00000, 0x00000000ec700000)
  object space 40960K, 23% used [0x00000000c5400000,0x00000000c5d76008,0x00000000c7c00000)
 Metaspace       used 19511K, capacity 20006K, committed 20224K, reserved 1067008K
  class space    used 2316K, capacity 2458K, committed 2560K, reserved 1048576K

